#
# There is insufficient memory for the Java Runtime Environment to continue.
# Native memory allocation (mmap) failed to map 134217728 bytes for G1 virtual space
# Possible reasons:
#   The system is out of physical RAM or swap space
#   The process is running with CompressedOops enabled, and the Java Heap may be blocking the growth of the native heap
# Possible solutions:
#   Reduce memory load on the system
#   Increase physical memory or swap space
#   Check if swap backing store is full
#   Decrease Java heap size (-Xmx/-Xms)
#   Decrease number of Java threads
#   Decrease Java thread stack sizes (-Xss)
#   Set larger code cache with -XX:ReservedCodeCacheSize=
#   JVM is running with Unscaled Compressed Oops mode in which the Java heap is
#     placed in the first 4GB address space. The Java Heap base address is the
#     maximum limit for the native heap growth. Please use -XX:HeapBaseMinAddress
#     to set the Java Heap base and to place the Java Heap above 4GB virtual address.
# This output file may be truncated or incomplete.
#
#  Out of Memory Error (os_windows.cpp:3769), pid=9972, tid=10596
#
# JRE version:  (17.0.6) (build )
# Java VM: OpenJDK 64-Bit Server VM (17.0.6+0-b2043.56-10027231, mixed mode, sharing, tiered, compressed oops, compressed class ptrs, g1 gc, windows-amd64)
# No core dump will be written. Minidumps are not enabled by default on client versions of Windows
#

---------------  S U M M A R Y ------------

Command Line: git4idea.http.GitAskPassApp Username for 'https://github.com': 

Host: Intel(R) Core(TM) i5-5200U CPU @ 2.20GHz, 4 cores, 7G,  Windows 10 , 64 bit Build 19041 (10.0.19041.3636)
Time: Fri Dec 22 18:14:27 2023 SE Asia Standard Time elapsed time: 0.174010 seconds (0d 0h 0m 0s)

---------------  T H R E A D  ---------------

Current thread (0x00000235444206a0):  JavaThread "Unknown thread" [_thread_in_vm, id=10596, stack(0x000000aba7800000,0x000000aba7900000)]

Stack: [0x000000aba7800000,0x000000aba7900000]
Native frames: (J=compiled Java code, j=interpreted, Vv=VM code, C=native code)
V  [jvm.dll+0x683c9a]
V  [jvm.dll+0x8427a4]
V  [jvm.dll+0x843f9e]
V  [jvm.dll+0x844603]
V  [jvm.dll+0x249b75]
V  [jvm.dll+0x680b69]
V  [jvm.dll+0x67505a]
V  [jvm.dll+0x309acb]
V  [jvm.dll+0x310f86]
V  [jvm.dll+0x3608ee]
V  [jvm.dll+0x360b1f]
V  [jvm.dll+0x2dfbf8]
V  [jvm.dll+0x2e0b64]
V  [jvm.dll+0x814091]
V  [jvm.dll+0x36e6a1]
V  [jvm.dll+0x7f35cc]
V  [jvm.dll+0x3f0e8f]
V  [jvm.dll+0x3f29d1]
C  [jli.dll+0x526b]
C  [ucrtbase.dll+0x21bb2]
C  [KERNEL32.DLL+0x17344]
C  [ntdll.dll+0x526b1]


---------------  P R O C E S S  ---------------

Threads class SMR info:
_java_thread_list=0x00007ffe6228c058, length=0, elements={
}

Java Threads: ( => current thread )

Other Threads:
  0x0000023544476c20 GCTaskThread "GC Thread#0" [stack: 0x000000aba7900000,0x000000aba7a00000] [id=5000]
  0x0000023544488840 ConcurrentGCThread "G1 Main Marker" [stack: 0x000000aba7a00000,0x000000aba7b00000] [id=8480]
  0x00000235444899f0 ConcurrentGCThread "G1 Conc#0" [stack: 0x000000aba7b00000,0x000000aba7c00000] [id=10980]

[error occurred during error reporting (printing all threads), id 0xc0000005, EXCEPTION_ACCESS_VIOLATION (0xc0000005) at pc=0x00007ffe61a40797]

VM state: not at safepoint (not fully initialized)

VM Mutex/Monitor currently owned by a thread:  ([mutex/lock_event])
[0x000002354441cfa0] Heap_lock - owner thread: 0x00000235444206a0

Heap address: 0x0000000081a00000, size: 2022 MB, Compressed Oops mode: 32-bit

CDS archive(s) mapped at: [0x0000000000000000-0x0000000000000000-0x0000000000000000), size 0, SharedBaseAddress: 0x0000000800000000, ArchiveRelocationMode: 0.
Narrow klass base: 0x0000000000000000, Narrow klass shift: 0, Narrow klass range: 0x0

GC Precious Log:
<Empty>

Heap:
 garbage-first heap   total 0K, used 0K [0x0000000081a00000, 0x0000000100000000)
  region size 1024K, 0 young (0K), 0 survivors (0K)

[error occurred during error reporting (printing heap information), id 0xc0000005, EXCEPTION_ACCESS_VIOLATION (0xc0000005) at pc=0x00007ffe61e2da89]

GC Heap History (0 events):
No events

Dll operation events (1 events):
Event: 0.093 Loaded shared library C:\Program Files\Android\Android Studio\jbr\bin\java.dll

Deoptimization events (0 events):
No events

Classes unloaded (0 events):
No events

Classes redefined (0 events):
No events

Internal exceptions (0 events):
No events

VM Operations (0 events):
No events

Events (0 events):
No events


Dynamic libraries:
0x00007ff73f730000 - 0x00007ff73f73a000 	C:\Program Files\Android\Android Studio\jbr\bin\java.exe
0x00007ffead850000 - 0x00007ffeada48000 	C:\Windows\SYSTEM32\ntdll.dll
0x00007ffeac710000 - 0x00007ffeac7cd000 	C:\Windows\System32\KERNEL32.DLL
0x00007ffeab260000 - 0x00007ffeab556000 	C:\Windows\System32\KERNELBASE.dll
0x00007ffeab560000 - 0x00007ffeab660000 	C:\Windows\System32\ucrtbase.dll
0x00007ffea0130000 - 0x00007ffea014b000 	C:\Program Files\Android\Android Studio\jbr\bin\VCRUNTIME140.dll
0x00007ffe9aa10000 - 0x00007ffe9aa27000 	C:\Program Files\Android\Android Studio\jbr\bin\jli.dll
0x00007ffeacb50000 - 0x00007ffeaccee000 	C:\Windows\System32\USER32.dll
0x00007ffe9dc00000 - 0x00007ffe9de9a000 	C:\Windows\WinSxS\amd64_microsoft.windows.common-controls_6595b64144ccf1df_6.0.19041.3636_none_60b6a03d71f818d5\COMCTL32.dll
0x00007ffeab7e0000 - 0x00007ffeab802000 	C:\Windows\System32\win32u.dll
0x00007ffeac200000 - 0x00007ffeac29e000 	C:\Windows\System32\msvcrt.dll
0x00007ffeaccf0000 - 0x00007ffeacd1c000 	C:\Windows\System32\GDI32.dll
0x00007ffeaaf30000 - 0x00007ffeab04a000 	C:\Windows\System32\gdi32full.dll
0x00007ffeab740000 - 0x00007ffeab7dd000 	C:\Windows\System32\msvcp_win.dll
0x00007ffeac300000 - 0x00007ffeac330000 	C:\Windows\System32\IMM32.DLL
0x00007ffea01f0000 - 0x00007ffea01fc000 	C:\Program Files\Android\Android Studio\jbr\bin\vcruntime140_1.dll
0x00007ffe90e80000 - 0x00007ffe90f0d000 	C:\Program Files\Android\Android Studio\jbr\bin\msvcp140.dll
0x00007ffe61750000 - 0x00007ffe623be000 	C:\Program Files\Android\Android Studio\jbr\bin\server\jvm.dll
0x00007ffeac830000 - 0x00007ffeac8df000 	C:\Windows\System32\ADVAPI32.dll
0x00007ffead6c0000 - 0x00007ffead75c000 	C:\Windows\System32\sechost.dll
0x00007ffeac950000 - 0x00007ffeaca76000 	C:\Windows\System32\RPCRT4.dll
0x00007ffe99f10000 - 0x00007ffe99f19000 	C:\Windows\SYSTEM32\WSOCK32.dll
0x00007ffe9ec70000 - 0x00007ffe9ec97000 	C:\Windows\SYSTEM32\WINMM.dll
0x00007ffe9cfa0000 - 0x00007ffe9cfaa000 	C:\Windows\SYSTEM32\VERSION.dll
0x00007ffeacae0000 - 0x00007ffeacb4b000 	C:\Windows\System32\WS2_32.dll
0x00007ffea8fd0000 - 0x00007ffea8fe2000 	C:\Windows\SYSTEM32\kernel.appcore.dll
0x00007ffea6350000 - 0x00007ffea635a000 	C:\Program Files\Android\Android Studio\jbr\bin\jimage.dll
0x00007ffe91fa0000 - 0x00007ffe92184000 	C:\Windows\SYSTEM32\DBGHELP.DLL
0x00007ffe91f60000 - 0x00007ffe91f94000 	C:\Windows\SYSTEM32\dbgcore.DLL
0x00007ffeab6b0000 - 0x00007ffeab732000 	C:\Windows\System32\bcryptPrimitives.dll
0x00007ffea2bb0000 - 0x00007ffea2bd5000 	C:\Program Files\Android\Android Studio\jbr\bin\java.dll

dbghelp: loaded successfully - version: 4.0.5 - missing functions: none
symbol engine: initialized successfully - sym options: 0x614 - pdb path: .;C:\Program Files\Android\Android Studio\jbr\bin;C:\Windows\SYSTEM32;C:\Windows\WinSxS\amd64_microsoft.windows.common-controls_6595b64144ccf1df_6.0.19041.3636_none_60b6a03d71f818d5;C:\Program Files\Android\Android Studio\jbr\bin\server

VM Arguments:
java_command: git4idea.http.GitAskPassApp Username for 'https://github.com': 
java_class_path (initial): C:/Program Files/Android/Android Studio/plugins/vcs-git/lib/git4idea-rt.jar;C:/Program Files/Android/Android Studio/lib/externalProcess-rt.jar;C:/Program Files/Android/Android Studio/lib/app.jar;C:/Program Files/Android/Android Studio/lib/3rd-party-rt.jar
Launcher Type: SUN_STANDARD

[Global flags]
     intx CICompilerCount                          = 3                                         {product} {ergonomic}
     uint ConcGCThreads                            = 1                                         {product} {ergonomic}
     uint G1ConcRefinementThreads                  = 4                                         {product} {ergonomic}
   size_t G1HeapRegionSize                         = 1048576                                   {product} {ergonomic}
    uintx GCDrainStackTargetSize                   = 64                                        {product} {ergonomic}
   size_t InitialHeapSize                          = 134217728                                 {product} {ergonomic}
   size_t MarkStackSize                            = 4194304                                   {product} {ergonomic}
   size_t MaxHeapSize                              = 2120220672                                {product} {ergonomic}
   size_t MinHeapDeltaBytes                        = 1048576                                   {product} {ergonomic}
   size_t MinHeapSize                              = 8388608                                   {product} {ergonomic}
    uintx NonNMethodCodeHeapSize                   = 5832780                                {pd product} {ergonomic}
    uintx NonProfiledCodeHeapSize                  = 122912730                              {pd product} {ergonomic}
    uintx ProfiledCodeHeapSize                     = 122912730                              {pd product} {ergonomic}
    uintx ReservedCodeCacheSize                    = 251658240                              {pd product} {ergonomic}
     bool SegmentedCodeCache                       = true                                      {product} {ergonomic}
   size_t SoftMaxHeapSize                          = 2120220672                             {manageable} {ergonomic}
     bool UseCompressedClassPointers               = true                           {product lp64_product} {ergonomic}
     bool UseCompressedOops                        = true                           {product lp64_product} {ergonomic}
     bool UseG1GC                                  = true                                      {product} {ergonomic}
     bool UseLargePagesIndividualAllocation        = false                                  {pd product} {ergonomic}

Logging:
Log output configuration:
 #0: stdout all=warning uptime,level,tags
 #1: stderr all=off uptime,level,tags

Environment Variables:
JAVA_HOME=C:\Users\refrizar.dwiardito\.jdks\openjdk-21
PATH=C:\Program Files\Git\mingw64\libexec\git-core;C:\Program Files\Git\mingw64\libexec\git-core;C:\Program Files\Git\mingw64\bin;C:\Program Files\Git\usr\bin;C:\Users\refrizar.dwiardito\bin;C:\Program Files\Common Files\Oracle\Java\javapath;C:\Windows\system32;C:\Windows;C:\Windows\System32\Wbem;C:\Windows\System32\WindowsPowerShell\v1.0;C:\Windows\System32\OpenSSH;C:\Program Files\mingw-w64\x86_64-8.1.0-posix-seh-rt_v6-rev0\mingw64\bin;C:\Users\refrizar.dwiardito\AppData\Local\Programs\Python\Python310\Scripts;C:\Users\refrizar.dwiardito\.jdks\openjdk-21\bin;C:\Program Files\PuTTY;C:\Program Files\gradle-8.3\bin;C:\Program Files\Git\cmd;C:\xampp\php;C:\Users\refrizar.dwiardito\AppData\Local\Programs\Python\Python310\Scripts;C:\Users\refrizar.dwiardito\AppData\Local\Programs\Python\Python310;C:\Users\refrizar.dwiardito\AppData\Local\Microsoft\WindowsApps;C:\Users\refrizar.dwiardito\AppData\Local\Programs\Microsoft VS Code\bin;C:\Program Files\JetBrains\IntelliJ IDEA Community Edition 2023.2.5\bin;C:\xampp\php
USERNAME=refrizar.dwiardito
DISPLAY=:0.0
LC_ALL=en_US.UTF-8
TERM=xterm-256color
TMPDIR=C:\Users\REFRIZ~1.DWI\AppData\Local\Temp
OS=Windows_NT
PROCESSOR_IDENTIFIER=Intel64 Family 6 Model 61 Stepping 4, GenuineIntel
TMP=C:\Users\REFRIZ~1.DWI\AppData\Local\Temp
TEMP=C:\Users\REFRIZ~1.DWI\AppData\Local\Temp


JNI global refs:

[error occurred during error reporting (JNI global references), id 0xc0000005, EXCEPTION_ACCESS_VIOLATION (0xc0000005) at pc=0x00007ffe61807a10]


---------------  S Y S T E M  ---------------

OS:
 Windows 10 , 64 bit Build 19041 (10.0.19041.3636)
OS uptime: 1 days 6:17 hours

CPU: total 4 (initial active 4) (2 cores per cpu, 2 threads per core) family 6 model 61 stepping 4 microcode 0x2f, cx8, cmov, fxsr, ht, mmx, 3dnowpref, sse, sse2, sse3, ssse3, sse4.1, sse4.2, popcnt, lzcnt, tsc, tscinvbit, avx, avx2, aes, erms, clmul, bmi1, bmi2, adx, fma, vzeroupper, clflush

Memory: 4k page, system-wide physical 8083M (679M free)
TotalPageFile size 8083M (AvailPageFile size 126M)
current process WorkingSet (physical memory assigned to process): 10M, peak: 10M
current process commit charge ("private bytes"): 51M, peak: 179M

vm_info: OpenJDK 64-Bit Server VM (17.0.6+0-b2043.56-10027231) for windows-amd64 JRE (17.0.6+0-b2043.56-10027231), built on Apr 28 2023 00:43:19 by "androidbuild" with MS VC++ 16.10 / 16.11 (VS2019)

END.
